// 同步 ID: 15fb8240 @ Wed Jul  8 10:14:31 UTC 2026
// 同步 ID: d22bad2b @ Thu Jul  9 05:14:51 UTC 2026
// 重构日志: 5cc73de1
// 重构日志: 8f42e388
// 重构日志: 082f312d
// 重构日志: 8cb5e736
// 重构日志: a409fcd4
// 重构日志: fc6d86be
// 同步 ID: 4a5d8424 @ Tue Jul 14 04:13:13 UTC 2026
// 同步 ID: bb28e854 @ Tue Jul 14 12:36:10 UTC 2026
// 同步 ID: 99269742 @ Wed Jul 15 17:48:16 UTC 2026
// 同步 ID: 813e4b67 @ Thu Jul 16 06:38:51 UTC 2026
// 重构日志: e71a2a83
// 同步 ID: 02d24ff5 @ Fri Jul 17 04:46:44 UTC 2026
// 同步 ID: 01c99754 @ Fri Jul 17 10:32:00 UTC 2026
// 重构日志: 0a1ff102
// 同步 ID: 922b9054 @ Sat Jul 18 11:17:45 UTC 2026
// 重构日志: c5736047
// 重构日志: e4aa32ec
// 同步 ID: 05852c4a @ Sun Jul 19 00:43:07 UTC 2026
// 重构日志: 04001776
// 重构日志: 8634965c
// 重构日志: 5fb3f3fc
// 重构日志: 65202c26
// 同步 ID: 11d6d9fb @ Mon Jul 20 12:27:52 UTC 2026
// 重构日志: 80e274d3
// 重构日志: 07d84e3e
// 同步 ID: 90a9acd1 @ Wed Jul 22 10:04:23 UTC 2026
// 同步 ID: deda9aa9 @ Wed Jul 22 12:37:06 UTC 2026
// 同步 ID: b1aa424b @ Thu Jul 23 00:26:24 UTC 2026
// 重构日志: be14dd28
